<?xml version="1.0" encoding="UTF-8"?>
<testsuite name="TraderTest" tests="3" skipped="0" failures="0" errors="0" timestamp="2022-10-06T15:08:22" hostname="DESKTOP-QBKM8Q9" time="0.016">
  <properties/>
  <testcase name="TestEmptyConstructor" classname="TraderTest" time="0.008"/>
  <testcase name="TestAddToWishlist" classname="TraderTest" time="0.006"/>
  <testcase name="TestGetSellingPrice" classname="TraderTest" time="0.002"/>
  <system-out><![CDATA[]]></system-out>
  <system-err><![CDATA[]]></system-err>
</testsuite>
